<?xml version="1.0" encoding="UTF-8"?>
<!-- Generated by org.testng.reporters.JUnitReportReporter -->
<testsuite hostname="GSG1PM-FT0672" failures="0" tests="1" name="Basic.TestNgbasic" time="0.011" errors="0" timestamp="2021-12-08T14:55:09 IST" skipped="0">
  <testcase classname="Basic.TestNgbasic" name="googleTitle" time="0.011"/>
  <system-out/>
</testsuite> <!-- Basic.TestNgbasic -->
