<?xml version="1.0" encoding="UTF-8"?>
<!-- Generated by org.testng.reporters.JUnitReportReporter -->
<testsuite hostname="GSG1PM-FT0672" failures="0" tests="2" name="Basic.DataProviderDemo" time="0.014" errors="0" timestamp="2021-12-16T12:39:25 IST" skipped="0">
  <testcase classname="Basic.DataProviderDemo" name="login" time="0.002"/>
  <system-out/>
  <testcase classname="Basic.DataProviderDemo" name="login" time="0.012"/>
  <system-out/>
</testsuite> <!-- Basic.DataProviderDemo -->
