<?xml version="1.0" encoding="UTF-8"?>
<!-- Generated by org.testng.reporters.JUnitReportReporter -->
<testsuite hostname="GSG1PM-FT0672" failures="0" tests="3" name="Basic.DataProviderDemo" time="0.008" errors="0" timestamp="2022-01-21T16:36:39 IST" skipped="0">
  <testcase classname="Basic.DataProviderDemo" name="login" time="0.000"/>
  <system-out/>
  <testcase classname="Basic.DataProviderDemo" name="test1" time="0.000"/>
  <system-out/>
  <testcase classname="Basic.DataProviderDemo" name="login" time="0.008"/>
  <system-out/>
</testsuite> <!-- Basic.DataProviderDemo -->
